  main.cpp
C:\Users\lucar\Documents\GitHub\PROGETTO-FINALE-GRAFICA\Ambient Occlusion\Texture Mesh\vec3.h(107,15): warning C4244: '/=': conversione da 'double' a 'float'. Possibile perdita di dati.
C:\Users\lucar\Documents\GitHub\PROGETTO-FINALE-GRAFICA\Ambient Occlusion\Texture Mesh\vec3.h(108,15): warning C4244: '/=': conversione da 'double' a 'float'. Possibile perdita di dati.
C:\Users\lucar\Documents\GitHub\PROGETTO-FINALE-GRAFICA\Ambient Occlusion\Texture Mesh\vec3.h(109,15): warning C4244: '/=': conversione da 'double' a 'float'. Possibile perdita di dati.
C:\Users\lucar\Documents\GitHub\PROGETTO-FINALE-GRAFICA\Ambient Occlusion\Texture Mesh\texture.h(60,8): warning C4244: 'inizializzazione': conversione da 'float' a 'int'. Possibile perdita di dati.
C:\Users\lucar\Documents\GitHub\PROGETTO-FINALE-GRAFICA\Ambient Occlusion\Texture Mesh\texture.h(61,8): warning C4244: 'inizializzazione': conversione da 'float' a 'int'. Possibile perdita di dati.
C:\Users\lucar\Documents\GitHub\PROGETTO-FINALE-GRAFICA\Ambient Occlusion\Texture Mesh\sphere.h(61,25): warning C4244: '=': conversione da 'double' a 'float'. Possibile perdita di dati.
C:\Users\lucar\Documents\GitHub\PROGETTO-FINALE-GRAFICA\Ambient Occlusion\Texture Mesh\sphere.h(62,34): warning C4244: 'argomento': conversione da 'double' a 'float'. Possibile perdita di dati.
C:\Users\lucar\Documents\GitHub\PROGETTO-FINALE-GRAFICA\Ambient Occlusion\Texture Mesh\sphere.h(63,27): warning C4244: 'argomento': conversione da 'double' a 'float'. Possibile perdita di dati.
C:\Users\lucar\Documents\GitHub\PROGETTO-FINALE-GRAFICA\Ambient Occlusion\Texture Mesh\sphere.h(70,25): warning C4244: '=': conversione da 'double' a 'float'. Possibile perdita di dati.
C:\Users\lucar\Documents\GitHub\PROGETTO-FINALE-GRAFICA\Ambient Occlusion\Texture Mesh\sphere.h(71,34): warning C4244: 'argomento': conversione da 'double' a 'float'. Possibile perdita di dati.
C:\Users\lucar\Documents\GitHub\PROGETTO-FINALE-GRAFICA\Ambient Occlusion\Texture Mesh\sphere.h(72,27): warning C4244: 'argomento': conversione da 'double' a 'float'. Possibile perdita di dati.
C:\Users\lucar\Documents\GitHub\PROGETTO-FINALE-GRAFICA\Ambient Occlusion\Texture Mesh\sphere.h(115,27): warning C4244: '=': conversione da 'double' a 'float'. Possibile perdita di dati.
C:\Users\lucar\Documents\GitHub\PROGETTO-FINALE-GRAFICA\Ambient Occlusion\Texture Mesh\sphere.h(122,27): warning C4244: '=': conversione da 'double' a 'float'. Possibile perdita di dati.
C:\Users\lucar\Documents\GitHub\PROGETTO-FINALE-GRAFICA\Ambient Occlusion\Texture Mesh\mesh.h(69,45): warning C4267: '=': conversione da 'size_t' a 'int'. Possibile perdita di dati.
C:\Users\lucar\Documents\GitHub\PROGETTO-FINALE-GRAFICA\Ambient Occlusion\Texture Mesh\mesh.h(70,43): warning C4267: '=': conversione da 'size_t' a 'int'. Possibile perdita di dati.
C:\Users\lucar\Documents\GitHub\PROGETTO-FINALE-GRAFICA\Ambient Occlusion\Texture Mesh\mesh.h(71,46): warning C4267: '=': conversione da 'size_t' a 'int'. Possibile perdita di dati.
C:\Users\lucar\Documents\GitHub\PROGETTO-FINALE-GRAFICA\Ambient Occlusion\Texture Mesh\mesh.h(72,28): warning C4267: '=': conversione da 'size_t' a 'int'. Possibile perdita di dati.
C:\Users\lucar\Documents\GitHub\PROGETTO-FINALE-GRAFICA\Ambient Occlusion\Texture Mesh\sampler.h(108,23): warning C4244: 'inizializzazione': conversione da 'double' a 'float'. Possibile perdita di dati.
C:\Users\lucar\Documents\GitHub\PROGETTO-FINALE-GRAFICA\Ambient Occlusion\Texture Mesh\sampler.h(109,23): warning C4244: 'inizializzazione': conversione da 'double' a 'float'. Possibile perdita di dati.
C:\Users\lucar\Documents\GitHub\PROGETTO-FINALE-GRAFICA\Ambient Occlusion\Texture Mesh\ambient_occluder.h(47,43): warning C4267: 'inizializzazione': conversione da 'size_t' a 'int'. Possibile perdita di dati.
C:\Users\lucar\Documents\GitHub\PROGETTO-FINALE-GRAFICA\Ambient Occlusion\Texture Mesh\ambient_occluder.h(60,43): warning C4305: 'argomento': troncamento da 'double' a 'float'
C:\Users\lucar\Documents\GitHub\PROGETTO-FINALE-GRAFICA\Ambient Occlusion\Texture Mesh\shader.h(67,83): warning C4244: 'argomento': conversione da 'double' a 'float'. Possibile perdita di dati.
C:\Users\lucar\Documents\GitHub\PROGETTO-FINALE-GRAFICA\Ambient Occlusion\Texture Mesh\shader.h(70,53): warning C4244: 'argomento': conversione da 'double' a 'float'. Possibile perdita di dati.
C:\Users\lucar\Documents\GitHub\PROGETTO-FINALE-GRAFICA\Ambient Occlusion\Texture Mesh\shader.h(153,83): warning C4244: 'argomento': conversione da 'double' a 'float'. Possibile perdita di dati.
C:\Users\lucar\Documents\GitHub\PROGETTO-FINALE-GRAFICA\Ambient Occlusion\Texture Mesh\shader.h(156,53): warning C4244: 'argomento': conversione da 'double' a 'float'. Possibile perdita di dati.
C:\Users\lucar\Documents\GitHub\PROGETTO-FINALE-GRAFICA\Ambient Occlusion\Texture Mesh\camera.h(67,32): warning C4244: 'argomento': conversione da 'int' a 'float'. Possibile perdita di dati.
C:\Users\lucar\Documents\GitHub\PROGETTO-FINALE-GRAFICA\Ambient Occlusion\Texture Mesh\camera.h(68,32): warning C4244: 'argomento': conversione da 'int' a 'float'. Possibile perdita di dati.
C:\Users\lucar\Documents\GitHub\PROGETTO-FINALE-GRAFICA\Ambient Occlusion\Texture Mesh\camera.h(79,19): warning C4244: 'inizializzazione': conversione da 'int' a 'float'. Possibile perdita di dati.
C:\Users\lucar\Documents\GitHub\PROGETTO-FINALE-GRAFICA\Ambient Occlusion\Texture Mesh\camera.h(98,20): warning C4244: 'argomento': conversione da 'int' a 'float'. Possibile perdita di dati.
C:\Users\lucar\Documents\GitHub\PROGETTO-FINALE-GRAFICA\Ambient Occlusion\Texture Mesh\camera.h(117,19): warning C4244: 'inizializzazione': conversione da 'int' a 'float'. Possibile perdita di dati.
C:\Users\lucar\Documents\GitHub\PROGETTO-FINALE-GRAFICA\Ambient Occlusion\Texture Mesh\camera.h(136,20): warning C4244: 'argomento': conversione da 'int' a 'float'. Possibile perdita di dati.
C:\Users\lucar\Documents\GitHub\PROGETTO-FINALE-GRAFICA\Ambient Occlusion\Texture Mesh\camera.h(163,38): warning C4244: 'argomento': conversione da 'int' a 'float'. Possibile perdita di dati.
C:\Users\lucar\Documents\GitHub\PROGETTO-FINALE-GRAFICA\Ambient Occlusion\Texture Mesh\camera.h(163,60): warning C4244: 'argomento': conversione da 'int' a 'float'. Possibile perdita di dati.
C:\Users\lucar\Documents\GitHub\PROGETTO-FINALE-GRAFICA\Ambient Occlusion\Texture Mesh\camera.h(174,12): warning C4244: 'inizializzazione': conversione da 'double' a 'float'. Possibile perdita di dati.
C:\Users\lucar\Documents\GitHub\PROGETTO-FINALE-GRAFICA\Ambient Occlusion\Texture Mesh\camera.h(175,12): warning C4244: 'inizializzazione': conversione da 'double' a 'float'. Possibile perdita di dati.
C:\Users\lucar\Documents\GitHub\PROGETTO-FINALE-GRAFICA\Ambient Occlusion\Texture Mesh\main.cpp(129,45): warning C4305: 'argomento': troncamento da 'double' a 'const float'
C:\Users\lucar\Documents\GitHub\PROGETTO-FINALE-GRAFICA\Ambient Occlusion\Texture Mesh\main.cpp(178,45): warning C4305: 'argomento': troncamento da 'double' a 'const float'
C:\Users\lucar\Documents\GitHub\PROGETTO-FINALE-GRAFICA\Ambient Occlusion\Texture Mesh\main.cpp(227,45): warning C4305: 'argomento': troncamento da 'double' a 'const float'
C:\Users\lucar\Documents\GitHub\PROGETTO-FINALE-GRAFICA\Ambient Occlusion\Texture Mesh\main.cpp(289,41): warning C4305: 'argomento': troncamento da 'double' a 'const float'
C:\Users\lucar\Documents\GitHub\PROGETTO-FINALE-GRAFICA\Ambient Occlusion\Texture Mesh\main.cpp(297,41): warning C4305: 'argomento': troncamento da 'double' a 'const float'
C:\Users\lucar\Documents\GitHub\PROGETTO-FINALE-GRAFICA\Ambient Occlusion\Texture Mesh\main.cpp(307,47): warning C4305: 'argomento': troncamento da 'double' a 'const float'
C:\Users\lucar\Documents\GitHub\PROGETTO-FINALE-GRAFICA\Ambient Occlusion\Texture Mesh\main.cpp(314,34): warning C4305: 'argomento': troncamento da 'double' a 'float'
C:\Users\lucar\Documents\GitHub\PROGETTO-FINALE-GRAFICA\Ambient Occlusion\Texture Mesh\main.cpp(451,41): warning C4305: 'argomento': troncamento da 'double' a 'const float'
C:\Users\lucar\Documents\GitHub\PROGETTO-FINALE-GRAFICA\Ambient Occlusion\Texture Mesh\main.cpp(459,41): warning C4305: 'argomento': troncamento da 'double' a 'const float'
C:\Users\lucar\Documents\GitHub\PROGETTO-FINALE-GRAFICA\Ambient Occlusion\Texture Mesh\main.cpp(467,41): warning C4305: 'argomento': troncamento da 'double' a 'const float'
C:\Users\lucar\Documents\GitHub\PROGETTO-FINALE-GRAFICA\Ambient Occlusion\Texture Mesh\main.cpp(478,47): warning C4305: 'argomento': troncamento da 'double' a 'const float'
C:\Users\lucar\Documents\GitHub\PROGETTO-FINALE-GRAFICA\Ambient Occlusion\Texture Mesh\main.cpp(489,48): warning C4305: 'argomento': troncamento da 'double' a 'const float'
C:\Users\lucar\Documents\GitHub\PROGETTO-FINALE-GRAFICA\Ambient Occlusion\Texture Mesh\main.cpp(500,51): warning C4305: 'argomento': troncamento da 'double' a 'const float'
C:\Users\lucar\Documents\GitHub\PROGETTO-FINALE-GRAFICA\Ambient Occlusion\Texture Mesh\main.cpp(506,31): warning C4305: 'argomento': troncamento da 'double' a 'float'
  Generazione codice in corso...
  34 of 1967 functions ( 1.7%) were compiled, the rest were copied from previous compilation.
    1 functions were new in current compilation
    219 functions had inline decision re-evaluated but remain unchanged
  Generazione codice terminata
  Texture Mesh.vcxproj -> C:\Users\lucar\Documents\GitHub\PROGETTO-FINALE-GRAFICA\Ambient Occlusion\x64\Release\Texture Mesh.exe
